
> @tradetool/public-site@0.1.0 build
> next build

   ▲ Next.js 15.5.9
   - Environments: .env.local, .env

   Creating an optimized production build ...
 ✓ Compiled successfully in 3.8s
   Linting and checking validity of types ...

./src/components/AnnouncementBar.tsx
3:8  Warning: 'Link' is defined but never used.  @typescript-eslint/no-unused-vars

./src/components/Footer.tsx
4:8  Warning: 'Image' is defined but never used.  @typescript-eslint/no-unused-vars

./src/components/forms/EmailSignup.tsx
5:19  Warning: 'Mail' is defined but never used.  @typescript-eslint/no-unused-vars

info  - Need to disable some ESLint rules? Learn more here: https://nextjs.org/docs/app/api-reference/config/eslint#disabling-rules
   Collecting page data ...
   Generating static pages (0/20) ...
 ⚠ metadataBase property in metadata export is not set for resolving social open graph or twitter images, using "http://localhost:3000". See https://nextjs.org/docs/app/api-reference/functions/generate-metadata#metadatabase
   Generating static pages (5/20) 
   Generating static pages (10/20) 
   Generating static pages (15/20) 
 ✓ Generating static pages (20/20)
   Finalizing page optimization ...
   Collecting build traces ...

Route (app)                                  Size  First Load JS
┌ ○ /                                     41.7 kB         157 kB
├ ○ /_not-found                             995 B         104 kB
├ ○ /about                                  154 B         103 kB
├ ƒ /api/auth/[kindeAuth]                   154 B         103 kB
├ ƒ /api/newsletter                         154 B         103 kB
├ ƒ /api/popular-articles                   330 B         162 kB
├ ƒ /api/related-articles                   330 B         162 kB
├ ƒ /api/roadmap/feature-requests           154 B         103 kB
├ ƒ /api/roadmap/votes                      154 B         103 kB
├ ƒ /api/roadmap/votes/[featureId]/check    154 B         103 kB
├ ƒ /api/track-view                         154 B         103 kB
├ ○ /icon.svg                                 0 B            0 B
├ ○ /industry-news                        3.67 kB         166 kB
├ ○ /marketing                            4.53 kB         107 kB
├ ƒ /post/[slug]                          2.69 kB         176 kB
├ ○ /pricing                              5.66 kB         108 kB
├ ○ /privacy                                154 B         103 kB
├ ○ /roadmap                              4.02 kB         107 kB
├ ○ /sitemap.xml                            330 B         162 kB
└ ○ /terms                                  154 B         103 kB
+ First Load JS shared by all              103 kB
  ├ chunks/18-2e1704a096d0179e.js         46.1 kB
  ├ chunks/87c73c54-dd8d81ac9604067c.js   54.2 kB
  └ other shared chunks (total)           2.38 kB


○  (Static)   prerendered as static content
ƒ  (Dynamic)  server-rendered on demand

